\BOOKMARK [1][-]{section.1}{Einleitung}{}% 1
\BOOKMARK [2][-]{subsection.1.1}{Motivation}{section.1}% 2
\BOOKMARK [2][-]{subsection.1.2}{Ziel}{section.1}% 3
\BOOKMARK [2][-]{subsection.1.3}{Aufbau}{section.1}% 4
\BOOKMARK [1][-]{section.2}{Grundlagen}{}% 5
\BOOKMARK [2][-]{subsection.2.1}{Quartettspiel}{section.2}% 6
\BOOKMARK [2][-]{subsection.2.2}{Mobile Plattform}{section.2}% 7
\BOOKMARK [2][-]{subsection.2.3}{Frameworks}{section.2}% 8
\BOOKMARK [1][-]{section.3}{Anforderungsanalyse}{}% 9
\BOOKMARK [2][-]{subsection.3.1}{Funktionale Anforderungen}{section.3}% 10
\BOOKMARK [2][-]{subsection.3.2}{Nichtfunktionale Anforderungen}{section.3}% 11
\BOOKMARK [1][-]{section.4}{Konzept und Entwurf}{}% 12
\BOOKMARK [2][-]{subsection.4.1}{Mockups}{section.4}% 13
\BOOKMARK [1][-]{section.5}{Implementierung}{}% 14
\BOOKMARK [2][-]{subsection.5.1}{Ausgew\344hlte Implementierungsdetails}{section.5}% 15
\BOOKMARK [3][-]{subsubsection.5.1.1}{Gallerie}{subsection.5.1}% 16
\BOOKMARK [3][-]{subsubsection.5.1.2}{Einzelspieler}{subsection.5.1}% 17
\BOOKMARK [3][-]{subsubsection.5.1.3}{Multiplayer}{subsection.5.1}% 18
\BOOKMARK [2][-]{subsection.5.2}{Architektur}{section.5}% 19
\BOOKMARK [3][-]{subsubsection.5.2.1}{Datenmodell}{subsection.5.2}% 20
\BOOKMARK [3][-]{subsubsection.5.2.2}{Klassenstruktur}{subsection.5.2}% 21
\BOOKMARK [2][-]{subsection.5.3}{Besonderheiten}{section.5}% 22
\BOOKMARK [3][-]{subsubsection.5.3.1}{Model-View-Presenter}{subsection.5.3}% 23
\BOOKMARK [1][-]{section.6}{Anforderungsabgleich}{}% 24
